[
  {
    "level": "INFO",
    "message": "android.ndkVersion from module build.gradle is 21.2.6472646"
  },
  {
    "level": "INFO",
    "message": "ndk.dir in local.properties is not set"
  },
  {
    "level": "INFO",
    "message": "ANDROID_NDK_HOME environment variable is not set"
  },
  {
    "level": "INFO",
    "message": "sdkFolder is /Users/milinddeore/Library/Android/sdk"
  },
  {
    "level": "INFO",
    "message": "Considering /Users/milinddeore/Library/Android/sdk/ndk-bundle in SDK ndk-bundle folder"
  },
  {
    "level": "INFO",
    "message": "Considering /Users/milinddeore/Library/Android/sdk/ndk/21.2.6472646 in SDK ndk folder"
  },
  {
    "level": "INFO",
    "message": "Rejected /Users/milinddeore/Library/Android/sdk/ndk-bundle in SDK ndk-bundle folder because that location has no source.properties"
  },
  {
    "level": "INFO",
    "message": "Found requested NDK version 21.2.6472646 at /Users/milinddeore/Library/Android/sdk/ndk/21.2.6472646"
  }
]